<?xml version="1.0" encoding="UTF-8"?>
<!-- Generated by org.testng.reporters.JUnitXMLReporter -->
<testsuite hostname="IMPC2377" ignored="0" name="testregistration" tests="2" failures="0" timestamp="10 Oct 2017 10:49:25 GMT" time="0.015" errors="0">
  <testcase name="@BeforeClass initializeDriver" time="0.0" classname="com.htc.test.RegisterAutomation">
    <failure type="java.lang.IllegalStateException" message="The driver executable does not exist: D:\IMPC0989_D\MavenTest\MavenSrpingMVC_Selenium\chromedriver.exe">
      <![CDATA[java.lang.IllegalStateException: The driver executable does not exist: D:\IMPC0989_D\MavenTest\MavenSrpingMVC_Selenium\chromedriver.exe
	at com.google.common.base.Preconditions.checkState(Preconditions.java:199)
	at org.openqa.selenium.remote.service.DriverService.checkExecutable(DriverService.java:121)
	at org.openqa.selenium.remote.service.DriverService.findExecutable(DriverService.java:116)
	at org.openqa.selenium.chrome.ChromeDriverService.access$000(ChromeDriverService.java:32)
	at org.openqa.selenium.chrome.ChromeDriverService$Builder.findDefaultExecutable(ChromeDriverService.java:137)
	at org.openqa.selenium.remote.service.DriverService$Builder.build(DriverService.java:296)
	at org.openqa.selenium.chrome.ChromeDriverService.createDefaultService(ChromeDriverService.java:88)
	at org.openqa.selenium.chrome.ChromeDriver.<init>(ChromeDriver.java:120)
	at com.htc.test.RegisterAutomation.initializeDriver(RegisterAutomation.java:32)
... Removed 24 stack frames]]>
    </failure>
  </testcase> <!-- @BeforeClass initializeDriver -->
  <testcase name="@AfterClass closedriver" time="0.0" classname="com.htc.test.RegisterAutomation">
    <skipped/>
  </testcase> <!-- @AfterClass closedriver -->
  <testcase name="testSuccessLoginLogout" time="0.0" classname="com.htc.test.RegisterAutomation">
    <skipped/>
  </testcase> <!-- testSuccessLoginLogout -->
  <testcase name="testSuccessLoginLogout" time="0.0" classname="com.htc.test.RegisterAutomation">
    <skipped/>
  </testcase> <!-- testSuccessLoginLogout -->
</testsuite> <!-- testregistration -->
